[2024-06-08 22:17:27] ---------------------------------------------------------------------------------------------------
[2024-06-08 22:17:27] | epoch   1 | time: 12.71s | training loss  1.41 |
[2024-06-08 22:17:29] | epoch   1 | time:  1.77s | cv loss  0.86 | cv accuracy:  0.70 |
[2024-06-08 22:17:29] ---------------------------------------------------------------------------------------------------
[2024-06-08 22:17:41] ---------------------------------------------------------------------------------------------------
[2024-06-08 22:17:41] | epoch   2 | time: 12.08s | training loss  0.56 |
[2024-06-08 22:17:43] | epoch   2 | time:  1.56s | cv loss  0.59 | cv accuracy:  0.78 |
[2024-06-08 22:17:43] ---------------------------------------------------------------------------------------------------
[2024-06-08 22:17:55] ---------------------------------------------------------------------------------------------------
[2024-06-08 22:17:55] | epoch   3 | time: 12.26s | training loss  0.28 |
[2024-06-08 22:17:57] | epoch   3 | time:  1.85s | cv loss  0.51 | cv accuracy:  0.79 |
[2024-06-08 22:17:57] ---------------------------------------------------------------------------------------------------
[2024-06-08 22:18:09] ---------------------------------------------------------------------------------------------------
[2024-06-08 22:18:09] | epoch   4 | time: 12.42s | training loss  0.15 |
[2024-06-08 22:18:11] | epoch   4 | time:  1.83s | cv loss  0.49 | cv accuracy:  0.79 |
[2024-06-08 22:18:11] ---------------------------------------------------------------------------------------------------
[2024-06-08 22:18:23] ---------------------------------------------------------------------------------------------------
[2024-06-08 22:18:23] | epoch   5 | time: 12.27s | training loss  0.08 |
[2024-06-08 22:18:25] | epoch   5 | time:  1.80s | cv loss  0.49 | cv accuracy:  0.79 |
[2024-06-08 22:18:25] ---------------------------------------------------------------------------------------------------
[2024-06-08 22:18:37] ---------------------------------------------------------------------------------------------------
[2024-06-08 22:18:37] | epoch   6 | time: 12.14s | training loss  0.05 |
[2024-06-08 22:18:39] | epoch   6 | time:  1.77s | cv loss  0.48 | cv accuracy:  0.80 |
[2024-06-08 22:18:39] ---------------------------------------------------------------------------------------------------
[2024-06-08 22:18:51] ---------------------------------------------------------------------------------------------------
[2024-06-08 22:18:51] | epoch   7 | time: 12.03s | training loss  0.03 |
[2024-06-08 22:18:53] | epoch   7 | time:  1.53s | cv loss  0.49 | cv accuracy:  0.80 |
[2024-06-08 22:18:53] ---------------------------------------------------------------------------------------------------
[2024-06-08 22:19:05] ---------------------------------------------------------------------------------------------------
[2024-06-08 22:19:05] | epoch   8 | time: 12.52s | training loss  0.02 |
[2024-06-08 22:19:07] | epoch   8 | time:  1.55s | cv loss  0.51 | cv accuracy:  0.80 |
[2024-06-08 22:19:07] ---------------------------------------------------------------------------------------------------
[2024-06-08 22:19:19] ---------------------------------------------------------------------------------------------------
[2024-06-08 22:19:19] | epoch   9 | time: 12.24s | training loss  0.02 |
[2024-06-08 22:19:21] | epoch   9 | time:  1.88s | cv loss  0.52 | cv accuracy:  0.80 |
[2024-06-08 22:19:21] ---------------------------------------------------------------------------------------------------
[2024-06-08 22:19:33] ---------------------------------------------------------------------------------------------------
[2024-06-08 22:19:33] | epoch  10 | time: 12.21s | training loss  0.01 |
[2024-06-08 22:19:35] | epoch  10 | time:  1.76s | cv loss  0.54 | cv accuracy:  0.80 |
[2024-06-08 22:19:35] ---------------------------------------------------------------------------------------------------
[2024-06-08 22:19:47] ---------------------------------------------------------------------------------------------------
[2024-06-08 22:19:47] | epoch  11 | time: 12.30s | training loss  0.01 |
[2024-06-08 22:19:49] | epoch  11 | time:  1.69s | cv loss  0.54 | cv accuracy:  0.80 |
[2024-06-08 22:19:49] ---------------------------------------------------------------------------------------------------
[2024-06-08 22:20:01] ---------------------------------------------------------------------------------------------------
[2024-06-08 22:20:01] | epoch  12 | time: 12.19s | training loss  0.01 |
[2024-06-08 22:20:03] | epoch  12 | time:  1.71s | cv loss  0.53 | cv accuracy:  0.80 |
[2024-06-08 22:20:03] ---------------------------------------------------------------------------------------------------
[2024-06-08 22:20:15] ---------------------------------------------------------------------------------------------------
[2024-06-08 22:20:15] | epoch  13 | time: 12.01s | training loss  0.01 |
[2024-06-08 22:20:17] | epoch  13 | time:  1.83s | cv loss  0.53 | cv accuracy:  0.80 |
[2024-06-08 22:20:17] ---------------------------------------------------------------------------------------------------
[2024-06-08 23:20:26] ---------------------------------------------------------------------------------------------------
[2024-06-08 23:20:26] | epoch   1 | time: 12.34s | training loss  1.53 |
[2024-06-08 23:20:28] | epoch   1 | time:  1.98s | cv loss  0.95 | cv accuracy:  0.70 |
[2024-06-08 23:20:28] ---------------------------------------------------------------------------------------------------
[2024-06-08 23:20:40] ---------------------------------------------------------------------------------------------------
[2024-06-08 23:20:40] | epoch   2 | time: 12.25s | training loss  0.57 |
[2024-06-08 23:20:42] | epoch   2 | time:  1.74s | cv loss  0.59 | cv accuracy:  0.76 |
[2024-06-08 23:20:42] ---------------------------------------------------------------------------------------------------
[2024-06-08 23:20:53] ---------------------------------------------------------------------------------------------------
[2024-06-08 23:20:53] | epoch   3 | time: 11.67s | training loss  0.23 |
[2024-06-08 23:20:55] | epoch   3 | time:  1.77s | cv loss  0.47 | cv accuracy:  0.80 |
[2024-06-08 23:20:55] ---------------------------------------------------------------------------------------------------
[2024-06-08 23:21:07] ---------------------------------------------------------------------------------------------------
[2024-06-08 23:21:07] | epoch   4 | time: 11.94s | training loss  0.11 |
[2024-06-08 23:21:09] | epoch   4 | time:  1.70s | cv loss  0.48 | cv accuracy:  0.80 |
[2024-06-08 23:21:09] ---------------------------------------------------------------------------------------------------
[2024-06-08 23:21:21] ---------------------------------------------------------------------------------------------------
[2024-06-08 23:21:21] | epoch   5 | time: 11.73s | training loss  0.05 |
[2024-06-08 23:21:22] | epoch   5 | time:  1.75s | cv loss  0.51 | cv accuracy:  0.80 |
[2024-06-08 23:21:22] ---------------------------------------------------------------------------------------------------
[2024-06-08 23:21:34] ---------------------------------------------------------------------------------------------------
[2024-06-08 23:21:34] | epoch   6 | time: 11.73s | training loss  0.03 |
[2024-06-08 23:21:36] | epoch   6 | time:  1.52s | cv loss  0.52 | cv accuracy:  0.81 |
[2024-06-08 23:21:36] ---------------------------------------------------------------------------------------------------
[2024-06-08 23:21:48] ---------------------------------------------------------------------------------------------------
[2024-06-08 23:21:48] | epoch   7 | time: 11.98s | training loss  0.02 |
[2024-06-08 23:21:49] | epoch   7 | time:  1.66s | cv loss  0.51 | cv accuracy:  0.81 |
[2024-06-08 23:21:49] ---------------------------------------------------------------------------------------------------
[2024-06-08 23:22:01] ---------------------------------------------------------------------------------------------------
[2024-06-08 23:22:01] | epoch   8 | time: 11.47s | training loss  0.01 |
[2024-06-08 23:22:02] | epoch   8 | time:  1.56s | cv loss  0.51 | cv accuracy:  0.82 |
[2024-06-08 23:22:02] ---------------------------------------------------------------------------------------------------
[2024-06-08 23:22:14] ---------------------------------------------------------------------------------------------------
[2024-06-08 23:22:14] | epoch   9 | time: 12.06s | training loss  0.01 |
[2024-06-08 23:22:16] | epoch   9 | time:  1.70s | cv loss  0.54 | cv accuracy:  0.81 |
[2024-06-08 23:22:16] ---------------------------------------------------------------------------------------------------
[2024-06-08 23:22:29] ---------------------------------------------------------------------------------------------------
[2024-06-08 23:22:29] | epoch  10 | time: 12.55s | training loss  0.01 |
[2024-06-08 23:22:30] | epoch  10 | time:  1.68s | cv loss  0.51 | cv accuracy:  0.81 |
[2024-06-08 23:22:30] ---------------------------------------------------------------------------------------------------
