[2024-06-08 23:42:37] ---------------------------------------------------------------------------------------------------
[2024-06-08 23:42:37] | epoch   1 | time: 19.29s | training loss  1.60 |
[2024-06-08 23:42:39] | epoch   1 | time:  1.81s | cv loss  1.11 | cv accuracy:  0.67 |
[2024-06-08 23:42:39] ---------------------------------------------------------------------------------------------------
[2024-06-08 23:42:52] ---------------------------------------------------------------------------------------------------
[2024-06-08 23:42:52] | epoch   2 | time: 12.21s | training loss  0.80 |
[2024-06-08 23:42:53] | epoch   2 | time:  1.52s | cv loss  0.82 | cv accuracy:  0.70 |
[2024-06-08 23:42:53] ---------------------------------------------------------------------------------------------------
[2024-06-08 23:43:05] ---------------------------------------------------------------------------------------------------
[2024-06-08 23:43:05] | epoch   3 | time: 11.99s | training loss  0.48 |
[2024-06-08 23:43:07] | epoch   3 | time:  1.68s | cv loss  0.74 | cv accuracy:  0.71 |
[2024-06-08 23:43:07] ---------------------------------------------------------------------------------------------------
[2024-06-08 23:43:19] ---------------------------------------------------------------------------------------------------
[2024-06-08 23:43:19] | epoch   4 | time: 11.90s | training loss  0.31 |
[2024-06-08 23:43:21] | epoch   4 | time:  1.92s | cv loss  0.73 | cv accuracy:  0.73 |
[2024-06-08 23:43:21] ---------------------------------------------------------------------------------------------------
[2024-06-08 23:43:32] ---------------------------------------------------------------------------------------------------
[2024-06-08 23:43:32] | epoch   5 | time: 11.89s | training loss  0.22 |
[2024-06-08 23:43:34] | epoch   5 | time:  1.55s | cv loss  0.72 | cv accuracy:  0.72 |
[2024-06-08 23:43:34] ---------------------------------------------------------------------------------------------------
[2024-06-08 23:43:46] ---------------------------------------------------------------------------------------------------
[2024-06-08 23:43:46] | epoch   6 | time: 11.87s | training loss  0.15 |
[2024-06-08 23:43:47] | epoch   6 | time:  1.48s | cv loss  0.74 | cv accuracy:  0.73 |
[2024-06-08 23:43:47] ---------------------------------------------------------------------------------------------------
[2024-06-08 23:44:00] ---------------------------------------------------------------------------------------------------
[2024-06-08 23:44:00] | epoch   7 | time: 12.72s | training loss  0.11 |
[2024-06-08 23:44:02] | epoch   7 | time:  1.59s | cv loss  0.77 | cv accuracy:  0.72 |
[2024-06-08 23:44:02] ---------------------------------------------------------------------------------------------------
[2024-06-08 23:44:14] ---------------------------------------------------------------------------------------------------
[2024-06-08 23:44:14] | epoch   8 | time: 11.88s | training loss  0.09 |
[2024-06-08 23:44:15] | epoch   8 | time:  1.57s | cv loss  0.77 | cv accuracy:  0.72 |
[2024-06-08 23:44:15] ---------------------------------------------------------------------------------------------------
[2024-06-08 23:44:27] ---------------------------------------------------------------------------------------------------
[2024-06-08 23:44:27] | epoch   9 | time: 11.98s | training loss  0.07 |
[2024-06-08 23:44:29] | epoch   9 | time:  1.56s | cv loss  0.76 | cv accuracy:  0.72 |
[2024-06-08 23:44:29] ---------------------------------------------------------------------------------------------------
[2024-06-08 23:44:41] ---------------------------------------------------------------------------------------------------
[2024-06-08 23:44:41] | epoch  10 | time: 12.02s | training loss  0.05 |
[2024-06-08 23:44:43] | epoch  10 | time:  1.88s | cv loss  0.78 | cv accuracy:  0.72 |
[2024-06-08 23:44:43] ---------------------------------------------------------------------------------------------------
[2024-06-08 23:44:55] ---------------------------------------------------------------------------------------------------
[2024-06-08 23:44:55] | epoch  11 | time: 11.96s | training loss  0.06 |
[2024-06-08 23:44:56] | epoch  11 | time:  1.69s | cv loss  0.79 | cv accuracy:  0.72 |
[2024-06-08 23:44:56] ---------------------------------------------------------------------------------------------------
[2024-06-08 23:45:08] ---------------------------------------------------------------------------------------------------
[2024-06-08 23:45:08] | epoch  12 | time: 12.08s | training loss  0.05 |
[2024-06-08 23:45:10] | epoch  12 | time:  1.77s | cv loss  0.78 | cv accuracy:  0.72 |
[2024-06-08 23:45:10] ---------------------------------------------------------------------------------------------------
[2024-06-08 23:50:54] ---------------------------------------------------------------------------------------------------
[2024-06-08 23:50:54] | epoch   1 | time: 12.31s | training loss  1.55 |
[2024-06-08 23:50:56] | epoch   1 | time:  1.83s | cv loss  1.19 | cv accuracy:  0.74 |
[2024-06-08 23:50:56] ---------------------------------------------------------------------------------------------------
[2024-06-08 23:51:08] ---------------------------------------------------------------------------------------------------
[2024-06-08 23:51:08] | epoch   2 | time: 12.08s | training loss  0.99 |
[2024-06-08 23:51:10] | epoch   2 | time:  1.62s | cv loss  0.96 | cv accuracy:  0.79 |
[2024-06-08 23:51:10] ---------------------------------------------------------------------------------------------------
[2024-06-08 23:51:22] ---------------------------------------------------------------------------------------------------
[2024-06-08 23:51:22] | epoch   3 | time: 12.45s | training loss  0.74 |
[2024-06-08 23:51:24] | epoch   3 | time:  1.58s | cv loss  0.84 | cv accuracy:  0.80 |
[2024-06-08 23:51:24] ---------------------------------------------------------------------------------------------------
[2024-06-08 23:51:37] ---------------------------------------------------------------------------------------------------
[2024-06-08 23:51:37] | epoch   4 | time: 13.25s | training loss  0.56 |
[2024-06-08 23:51:39] | epoch   4 | time:  1.60s | cv loss  0.75 | cv accuracy:  0.82 |
[2024-06-08 23:51:39] ---------------------------------------------------------------------------------------------------
[2024-06-08 23:51:51] ---------------------------------------------------------------------------------------------------
[2024-06-08 23:51:51] | epoch   5 | time: 12.30s | training loss  0.43 |
[2024-06-08 23:51:53] | epoch   5 | time:  1.80s | cv loss  0.69 | cv accuracy:  0.83 |
[2024-06-08 23:51:53] ---------------------------------------------------------------------------------------------------
[2024-06-08 23:52:05] ---------------------------------------------------------------------------------------------------
[2024-06-08 23:52:05] | epoch   6 | time: 12.33s | training loss  0.33 |
[2024-06-08 23:52:07] | epoch   6 | time:  1.62s | cv loss  0.66 | cv accuracy:  0.82 |
[2024-06-08 23:52:07] ---------------------------------------------------------------------------------------------------
[2024-06-08 23:52:19] ---------------------------------------------------------------------------------------------------
[2024-06-08 23:52:19] | epoch   7 | time: 12.46s | training loss  0.26 |
[2024-06-08 23:52:21] | epoch   7 | time:  1.66s | cv loss  0.62 | cv accuracy:  0.83 |
[2024-06-08 23:52:21] ---------------------------------------------------------------------------------------------------
[2024-06-08 23:52:34] ---------------------------------------------------------------------------------------------------
[2024-06-08 23:52:34] | epoch   8 | time: 12.64s | training loss  0.21 |
[2024-06-08 23:52:35] | epoch   8 | time:  1.51s | cv loss  0.59 | cv accuracy:  0.83 |
[2024-06-08 23:52:35] ---------------------------------------------------------------------------------------------------
[2024-06-08 23:52:48] ---------------------------------------------------------------------------------------------------
[2024-06-08 23:52:48] | epoch   9 | time: 12.19s | training loss  0.17 |
[2024-06-08 23:52:49] | epoch   9 | time:  1.61s | cv loss  0.57 | cv accuracy:  0.83 |
[2024-06-08 23:52:49] ---------------------------------------------------------------------------------------------------
[2024-06-08 23:53:01] ---------------------------------------------------------------------------------------------------
[2024-06-08 23:53:01] | epoch  10 | time: 11.94s | training loss  0.14 |
[2024-06-08 23:53:03] | epoch  10 | time:  1.64s | cv loss  0.57 | cv accuracy:  0.83 |
[2024-06-08 23:53:03] ---------------------------------------------------------------------------------------------------
[2024-06-08 23:53:15] ---------------------------------------------------------------------------------------------------
[2024-06-08 23:53:15] | epoch  11 | time: 12.61s | training loss  0.12 |
[2024-06-08 23:53:17] | epoch  11 | time:  1.61s | cv loss  0.53 | cv accuracy:  0.84 |
[2024-06-08 23:53:17] ---------------------------------------------------------------------------------------------------
[2024-06-08 23:53:29] ---------------------------------------------------------------------------------------------------
[2024-06-08 23:53:29] | epoch  12 | time: 12.43s | training loss  0.10 |
[2024-06-08 23:53:31] | epoch  12 | time:  1.65s | cv loss  0.53 | cv accuracy:  0.84 |
[2024-06-08 23:53:31] ---------------------------------------------------------------------------------------------------
[2024-06-08 23:53:43] ---------------------------------------------------------------------------------------------------
[2024-06-08 23:53:43] | epoch  13 | time: 12.06s | training loss  0.09 |
[2024-06-08 23:53:45] | epoch  13 | time:  1.71s | cv loss  0.53 | cv accuracy:  0.83 |
[2024-06-08 23:53:45] ---------------------------------------------------------------------------------------------------
[2024-06-08 23:53:58] ---------------------------------------------------------------------------------------------------
[2024-06-08 23:53:58] | epoch  14 | time: 13.39s | training loss  0.07 |
[2024-06-08 23:54:00] | epoch  14 | time:  1.95s | cv loss  0.51 | cv accuracy:  0.84 |
[2024-06-08 23:54:00] ---------------------------------------------------------------------------------------------------
[2024-06-08 23:54:13] ---------------------------------------------------------------------------------------------------
[2024-06-08 23:54:13] | epoch  15 | time: 13.06s | training loss  0.07 |
[2024-06-08 23:54:16] | epoch  15 | time:  2.16s | cv loss  0.52 | cv accuracy:  0.83 |
[2024-06-08 23:54:16] ---------------------------------------------------------------------------------------------------
[2024-06-08 23:54:28] ---------------------------------------------------------------------------------------------------
[2024-06-08 23:54:28] | epoch  16 | time: 12.97s | training loss  0.06 |
[2024-06-08 23:54:30] | epoch  16 | time:  1.70s | cv loss  0.50 | cv accuracy:  0.84 |
[2024-06-08 23:54:30] ---------------------------------------------------------------------------------------------------
[2024-06-08 23:54:43] ---------------------------------------------------------------------------------------------------
[2024-06-08 23:54:43] | epoch  17 | time: 12.40s | training loss  0.05 |
[2024-06-08 23:54:44] | epoch  17 | time:  1.69s | cv loss  0.49 | cv accuracy:  0.84 |
[2024-06-08 23:54:44] ---------------------------------------------------------------------------------------------------
[2024-06-08 23:54:57] ---------------------------------------------------------------------------------------------------
[2024-06-08 23:54:57] | epoch  18 | time: 12.34s | training loss  0.04 |
[2024-06-08 23:54:59] | epoch  18 | time:  1.91s | cv loss  0.49 | cv accuracy:  0.83 |
[2024-06-08 23:54:59] ---------------------------------------------------------------------------------------------------
[2024-06-08 23:55:11] ---------------------------------------------------------------------------------------------------
[2024-06-08 23:55:11] | epoch  19 | time: 12.30s | training loss  0.04 |
[2024-06-08 23:55:13] | epoch  19 | time:  1.82s | cv loss  0.50 | cv accuracy:  0.85 |
[2024-06-08 23:55:13] ---------------------------------------------------------------------------------------------------
[2024-06-08 23:55:25] ---------------------------------------------------------------------------------------------------
[2024-06-08 23:55:25] | epoch  20 | time: 12.61s | training loss  0.04 |
[2024-06-08 23:55:27] | epoch  20 | time:  1.80s | cv loss  0.49 | cv accuracy:  0.83 |
[2024-06-08 23:55:27] ---------------------------------------------------------------------------------------------------
[2024-06-08 23:55:39] ---------------------------------------------------------------------------------------------------
[2024-06-08 23:55:39] | epoch  21 | time: 12.21s | training loss  0.03 |
[2024-06-08 23:55:41] | epoch  21 | time:  1.67s | cv loss  0.49 | cv accuracy:  0.84 |
[2024-06-08 23:55:41] ---------------------------------------------------------------------------------------------------
[2024-06-08 23:55:53] ---------------------------------------------------------------------------------------------------
[2024-06-08 23:55:53] | epoch  22 | time: 12.14s | training loss  0.03 |
[2024-06-08 23:55:55] | epoch  22 | time:  2.09s | cv loss  0.48 | cv accuracy:  0.84 |
[2024-06-08 23:55:55] ---------------------------------------------------------------------------------------------------
[2024-06-08 23:56:07] ---------------------------------------------------------------------------------------------------
[2024-06-08 23:56:07] | epoch  23 | time: 12.05s | training loss  0.03 |
[2024-06-08 23:56:09] | epoch  23 | time:  1.54s | cv loss  0.47 | cv accuracy:  0.84 |
[2024-06-08 23:56:09] ---------------------------------------------------------------------------------------------------
[2024-06-08 23:56:21] ---------------------------------------------------------------------------------------------------
[2024-06-08 23:56:21] | epoch  24 | time: 12.32s | training loss  0.02 |
[2024-06-08 23:56:23] | epoch  24 | time:  1.60s | cv loss  0.48 | cv accuracy:  0.83 |
[2024-06-08 23:56:23] ---------------------------------------------------------------------------------------------------
[2024-06-08 23:56:35] ---------------------------------------------------------------------------------------------------
[2024-06-08 23:56:35] | epoch  25 | time: 12.49s | training loss  0.02 |
[2024-06-08 23:56:37] | epoch  25 | time:  1.52s | cv loss  0.48 | cv accuracy:  0.84 |
[2024-06-08 23:56:37] ---------------------------------------------------------------------------------------------------
[2024-06-08 23:56:49] ---------------------------------------------------------------------------------------------------
[2024-06-08 23:56:49] | epoch  26 | time: 12.03s | training loss  0.02 |
[2024-06-08 23:56:51] | epoch  26 | time:  1.66s | cv loss  0.48 | cv accuracy:  0.83 |
[2024-06-08 23:56:51] ---------------------------------------------------------------------------------------------------
[2024-06-08 23:57:03] ---------------------------------------------------------------------------------------------------
[2024-06-08 23:57:03] | epoch  27 | time: 12.49s | training loss  0.02 |
[2024-06-08 23:57:05] | epoch  27 | time:  1.88s | cv loss  0.48 | cv accuracy:  0.83 |
[2024-06-08 23:57:05] ---------------------------------------------------------------------------------------------------
[2024-06-08 23:57:17] ---------------------------------------------------------------------------------------------------
[2024-06-08 23:57:17] | epoch  28 | time: 12.02s | training loss  0.02 |
[2024-06-08 23:57:19] | epoch  28 | time:  1.73s | cv loss  0.49 | cv accuracy:  0.83 |
[2024-06-08 23:57:19] ---------------------------------------------------------------------------------------------------
[2024-06-08 23:57:31] ---------------------------------------------------------------------------------------------------
[2024-06-08 23:57:31] | epoch  29 | time: 12.30s | training loss  0.02 |
[2024-06-08 23:57:33] | epoch  29 | time:  1.51s | cv loss  0.48 | cv accuracy:  0.83 |
[2024-06-08 23:57:33] ---------------------------------------------------------------------------------------------------
[2024-06-08 23:57:45] ---------------------------------------------------------------------------------------------------
[2024-06-08 23:57:45] | epoch  30 | time: 12.61s | training loss  0.02 |
[2024-06-08 23:57:48] | epoch  30 | time:  2.99s | cv loss  0.48 | cv accuracy:  0.83 |
[2024-06-08 23:57:48] ---------------------------------------------------------------------------------------------------
