[2024-06-08 22:13:09] ---------------------------------------------------------------------------------------------------
[2024-06-08 22:13:09] | epoch   1 | time: 14.62s | training loss  1.67 |
[2024-06-08 22:13:11] | epoch   1 | time:  2.06s | cv loss  1.27 | cv accuracy:  0.53 |
[2024-06-08 22:13:11] ---------------------------------------------------------------------------------------------------
[2024-06-08 22:13:23] ---------------------------------------------------------------------------------------------------
[2024-06-08 22:13:23] | epoch   2 | time: 12.34s | training loss  0.98 |
[2024-06-08 22:13:25] | epoch   2 | time:  1.56s | cv loss  0.96 | cv accuracy:  0.63 |
[2024-06-08 22:13:25] ---------------------------------------------------------------------------------------------------
[2024-06-08 22:13:38] ---------------------------------------------------------------------------------------------------
[2024-06-08 22:13:38] | epoch   3 | time: 13.46s | training loss  0.71 |
[2024-06-08 22:13:40] | epoch   3 | time:  1.56s | cv loss  0.86 | cv accuracy:  0.66 |
[2024-06-08 22:13:40] ---------------------------------------------------------------------------------------------------
[2024-06-08 22:13:52] ---------------------------------------------------------------------------------------------------
[2024-06-08 22:13:52] | epoch   4 | time: 12.67s | training loss  0.54 |
[2024-06-08 22:13:54] | epoch   4 | time:  1.77s | cv loss  0.84 | cv accuracy:  0.68 |
[2024-06-08 22:13:54] ---------------------------------------------------------------------------------------------------
[2024-06-08 22:14:06] ---------------------------------------------------------------------------------------------------
[2024-06-08 22:14:06] | epoch   5 | time: 12.36s | training loss  0.43 |
[2024-06-08 22:14:08] | epoch   5 | time:  1.87s | cv loss  0.79 | cv accuracy:  0.70 |
[2024-06-08 22:14:08] ---------------------------------------------------------------------------------------------------
[2024-06-08 22:14:21] ---------------------------------------------------------------------------------------------------
[2024-06-08 22:14:21] | epoch   6 | time: 12.58s | training loss  0.35 |
[2024-06-08 22:14:23] | epoch   6 | time:  1.69s | cv loss  0.78 | cv accuracy:  0.70 |
[2024-06-08 22:14:23] ---------------------------------------------------------------------------------------------------
[2024-06-08 22:14:35] ---------------------------------------------------------------------------------------------------
[2024-06-08 22:14:35] | epoch   7 | time: 12.41s | training loss  0.30 |
[2024-06-08 22:14:37] | epoch   7 | time:  1.71s | cv loss  0.77 | cv accuracy:  0.71 |
[2024-06-08 22:14:37] ---------------------------------------------------------------------------------------------------
[2024-06-08 22:14:51] ---------------------------------------------------------------------------------------------------
[2024-06-08 22:14:51] | epoch   8 | time: 13.95s | training loss  0.25 |
[2024-06-08 22:14:53] | epoch   8 | time:  1.78s | cv loss  0.76 | cv accuracy:  0.71 |
[2024-06-08 22:14:53] ---------------------------------------------------------------------------------------------------
[2024-06-08 22:15:05] ---------------------------------------------------------------------------------------------------
[2024-06-08 22:15:05] | epoch   9 | time: 12.22s | training loss  0.21 |
[2024-06-08 22:15:07] | epoch   9 | time:  1.71s | cv loss  0.78 | cv accuracy:  0.72 |
[2024-06-08 22:15:07] ---------------------------------------------------------------------------------------------------
[2024-06-08 22:15:19] ---------------------------------------------------------------------------------------------------
[2024-06-08 22:15:19] | epoch  10 | time: 12.40s | training loss  0.18 |
[2024-06-08 22:15:21] | epoch  10 | time:  1.83s | cv loss  0.78 | cv accuracy:  0.72 |
[2024-06-08 22:15:21] ---------------------------------------------------------------------------------------------------
[2024-06-08 22:15:35] ---------------------------------------------------------------------------------------------------
[2024-06-08 22:15:35] | epoch  11 | time: 13.94s | training loss  0.16 |
[2024-06-08 22:15:36] | epoch  11 | time:  1.70s | cv loss  0.81 | cv accuracy:  0.71 |
[2024-06-08 22:15:36] ---------------------------------------------------------------------------------------------------
[2024-06-08 22:15:49] ---------------------------------------------------------------------------------------------------
[2024-06-08 22:15:49] | epoch  12 | time: 12.38s | training loss  0.13 |
[2024-06-08 22:15:50] | epoch  12 | time:  1.55s | cv loss  0.84 | cv accuracy:  0.71 |
[2024-06-08 22:15:50] ---------------------------------------------------------------------------------------------------
[2024-06-08 22:16:04] ---------------------------------------------------------------------------------------------------
[2024-06-08 22:16:04] | epoch  13 | time: 13.59s | training loss  0.11 |
[2024-06-08 22:16:06] | epoch  13 | time:  1.56s | cv loss  0.84 | cv accuracy:  0.71 |
[2024-06-08 22:16:06] ---------------------------------------------------------------------------------------------------
[2024-06-08 22:16:18] ---------------------------------------------------------------------------------------------------
[2024-06-08 22:16:18] | epoch  14 | time: 12.58s | training loss  0.11 |
[2024-06-08 22:16:20] | epoch  14 | time:  1.70s | cv loss  0.82 | cv accuracy:  0.71 |
[2024-06-08 22:16:20] ---------------------------------------------------------------------------------------------------
[2024-06-08 22:16:32] ---------------------------------------------------------------------------------------------------
[2024-06-08 22:16:32] | epoch  15 | time: 12.46s | training loss  0.11 |
[2024-06-08 22:16:34] | epoch  15 | time:  2.04s | cv loss  0.82 | cv accuracy:  0.71 |
[2024-06-08 22:16:34] ---------------------------------------------------------------------------------------------------
[2024-06-08 22:53:39] ---------------------------------------------------------------------------------------------------
[2024-06-08 22:53:39] | epoch   1 | time: 16.52s | training loss  1.67 |
[2024-06-08 22:53:40] | epoch   1 | time:  1.50s | cv loss  1.27 | cv accuracy:  0.53 |
[2024-06-08 22:53:40] ---------------------------------------------------------------------------------------------------
[2024-06-08 22:53:52] ---------------------------------------------------------------------------------------------------
[2024-06-08 22:53:52] | epoch   2 | time: 12.26s | training loss  0.98 |
[2024-06-08 22:53:54] | epoch   2 | time:  1.76s | cv loss  0.96 | cv accuracy:  0.63 |
[2024-06-08 22:53:54] ---------------------------------------------------------------------------------------------------
[2024-06-08 22:54:07] ---------------------------------------------------------------------------------------------------
[2024-06-08 22:54:07] | epoch   3 | time: 12.94s | training loss  0.71 |
[2024-06-08 22:54:09] | epoch   3 | time:  1.65s | cv loss  0.86 | cv accuracy:  0.66 |
[2024-06-08 22:54:09] ---------------------------------------------------------------------------------------------------
[2024-06-08 22:54:21] ---------------------------------------------------------------------------------------------------
[2024-06-08 22:54:21] | epoch   4 | time: 12.19s | training loss  0.54 |
[2024-06-08 22:54:23] | epoch   4 | time:  1.61s | cv loss  0.84 | cv accuracy:  0.68 |
[2024-06-08 22:54:23] ---------------------------------------------------------------------------------------------------
[2024-06-08 22:54:34] ---------------------------------------------------------------------------------------------------
[2024-06-08 22:54:34] | epoch   5 | time: 11.77s | training loss  0.43 |
[2024-06-08 22:54:36] | epoch   5 | time:  1.56s | cv loss  0.79 | cv accuracy:  0.70 |
[2024-06-08 22:54:36] ---------------------------------------------------------------------------------------------------
[2024-06-08 22:54:49] ---------------------------------------------------------------------------------------------------
[2024-06-08 22:54:49] | epoch   6 | time: 12.52s | training loss  0.35 |
[2024-06-08 22:54:50] | epoch   6 | time:  1.73s | cv loss  0.78 | cv accuracy:  0.70 |
[2024-06-08 22:54:50] ---------------------------------------------------------------------------------------------------
[2024-06-08 22:55:02] ---------------------------------------------------------------------------------------------------
[2024-06-08 22:55:02] | epoch   7 | time: 11.97s | training loss  0.30 |
[2024-06-08 22:55:04] | epoch   7 | time:  1.73s | cv loss  0.77 | cv accuracy:  0.71 |
[2024-06-08 22:55:04] ---------------------------------------------------------------------------------------------------
[2024-06-08 22:55:17] ---------------------------------------------------------------------------------------------------
[2024-06-08 22:55:17] | epoch   8 | time: 12.54s | training loss  0.25 |
[2024-06-08 22:55:18] | epoch   8 | time:  1.64s | cv loss  0.76 | cv accuracy:  0.71 |
[2024-06-08 22:55:18] ---------------------------------------------------------------------------------------------------
[2024-06-08 22:55:30] ---------------------------------------------------------------------------------------------------
[2024-06-08 22:55:30] | epoch   9 | time: 11.99s | training loss  0.21 |
[2024-06-08 22:55:32] | epoch   9 | time:  1.67s | cv loss  0.78 | cv accuracy:  0.72 |
[2024-06-08 22:55:32] ---------------------------------------------------------------------------------------------------
[2024-06-08 22:55:44] ---------------------------------------------------------------------------------------------------
[2024-06-08 22:55:44] | epoch  10 | time: 12.03s | training loss  0.18 |
[2024-06-08 22:55:46] | epoch  10 | time:  1.71s | cv loss  0.78 | cv accuracy:  0.72 |
[2024-06-08 22:55:46] ---------------------------------------------------------------------------------------------------
[2024-06-08 22:55:58] ---------------------------------------------------------------------------------------------------
[2024-06-08 22:55:58] | epoch  11 | time: 12.10s | training loss  0.16 |
[2024-06-08 22:55:59] | epoch  11 | time:  1.52s | cv loss  0.81 | cv accuracy:  0.71 |
[2024-06-08 22:55:59] ---------------------------------------------------------------------------------------------------
[2024-06-08 22:56:11] ---------------------------------------------------------------------------------------------------
[2024-06-08 22:56:11] | epoch  12 | time: 12.06s | training loss  0.13 |
[2024-06-08 22:56:13] | epoch  12 | time:  1.65s | cv loss  0.84 | cv accuracy:  0.71 |
[2024-06-08 22:56:13] ---------------------------------------------------------------------------------------------------
[2024-06-08 22:56:26] ---------------------------------------------------------------------------------------------------
[2024-06-08 22:56:26] | epoch  13 | time: 12.51s | training loss  0.11 |
[2024-06-08 22:56:27] | epoch  13 | time:  1.53s | cv loss  0.84 | cv accuracy:  0.71 |
[2024-06-08 22:56:27] ---------------------------------------------------------------------------------------------------
[2024-06-08 22:56:40] ---------------------------------------------------------------------------------------------------
[2024-06-08 22:56:40] | epoch  14 | time: 12.70s | training loss  0.11 |
[2024-06-08 22:56:41] | epoch  14 | time:  1.60s | cv loss  0.82 | cv accuracy:  0.71 |
[2024-06-08 22:56:41] ---------------------------------------------------------------------------------------------------
[2024-06-08 22:56:54] ---------------------------------------------------------------------------------------------------
[2024-06-08 22:56:54] | epoch  15 | time: 12.32s | training loss  0.11 |
[2024-06-08 22:56:56] | epoch  15 | time:  2.01s | cv loss  0.82 | cv accuracy:  0.71 |
[2024-06-08 22:56:56] ---------------------------------------------------------------------------------------------------
