[2024-06-08 21:15:43] ---------------------------------------------------------------------------------------------------
[2024-06-08 21:15:43] | epoch   1 | time: 12.50s | training loss  1.41 |
[2024-06-08 21:15:45] | epoch   1 | time:  1.94s | cv loss  0.86 | cv accuracy:  0.70 |
[2024-06-08 21:15:45] ---------------------------------------------------------------------------------------------------
[2024-06-08 21:15:57] ---------------------------------------------------------------------------------------------------
[2024-06-08 21:15:57] | epoch   2 | time: 11.91s | training loss  0.56 |
[2024-06-08 21:15:58] | epoch   2 | time:  1.75s | cv loss  0.59 | cv accuracy:  0.78 |
[2024-06-08 21:15:58] ---------------------------------------------------------------------------------------------------
[2024-06-08 21:16:11] ---------------------------------------------------------------------------------------------------
[2024-06-08 21:16:11] | epoch   3 | time: 12.19s | training loss  0.28 |
[2024-06-08 21:16:12] | epoch   3 | time:  1.58s | cv loss  0.51 | cv accuracy:  0.79 |
[2024-06-08 21:16:12] ---------------------------------------------------------------------------------------------------
[2024-06-08 21:16:24] ---------------------------------------------------------------------------------------------------
[2024-06-08 21:16:24] | epoch   4 | time: 11.88s | training loss  0.15 |
[2024-06-08 21:16:26] | epoch   4 | time:  1.65s | cv loss  0.49 | cv accuracy:  0.79 |
[2024-06-08 21:16:26] ---------------------------------------------------------------------------------------------------
[2024-06-08 21:16:37] ---------------------------------------------------------------------------------------------------
[2024-06-08 21:16:37] | epoch   5 | time: 11.66s | training loss  0.08 |
[2024-06-08 21:16:39] | epoch   5 | time:  1.54s | cv loss  0.49 | cv accuracy:  0.79 |
[2024-06-08 21:16:39] ---------------------------------------------------------------------------------------------------
[2024-06-08 21:16:51] ---------------------------------------------------------------------------------------------------
[2024-06-08 21:16:51] | epoch   6 | time: 11.69s | training loss  0.05 |
[2024-06-08 21:16:52] | epoch   6 | time:  1.52s | cv loss  0.48 | cv accuracy:  0.80 |
[2024-06-08 21:16:52] ---------------------------------------------------------------------------------------------------
[2024-06-08 21:17:04] ---------------------------------------------------------------------------------------------------
[2024-06-08 21:17:04] | epoch   7 | time: 11.70s | training loss  0.03 |
[2024-06-08 21:17:05] | epoch   7 | time:  1.61s | cv loss  0.49 | cv accuracy:  0.80 |
[2024-06-08 21:17:05] ---------------------------------------------------------------------------------------------------
[2024-06-08 21:17:17] ---------------------------------------------------------------------------------------------------
[2024-06-08 21:17:17] | epoch   8 | time: 11.84s | training loss  0.02 |
[2024-06-08 21:17:19] | epoch   8 | time:  1.75s | cv loss  0.51 | cv accuracy:  0.80 |
[2024-06-08 21:17:19] ---------------------------------------------------------------------------------------------------
[2024-06-08 21:17:31] ---------------------------------------------------------------------------------------------------
[2024-06-08 21:17:31] | epoch   9 | time: 12.23s | training loss  0.02 |
[2024-06-08 21:17:33] | epoch   9 | time:  1.85s | cv loss  0.52 | cv accuracy:  0.80 |
[2024-06-08 21:17:33] ---------------------------------------------------------------------------------------------------
[2024-06-08 21:17:46] ---------------------------------------------------------------------------------------------------
[2024-06-08 21:17:46] | epoch  10 | time: 12.91s | training loss  0.01 |
[2024-06-08 21:17:48] | epoch  10 | time:  1.62s | cv loss  0.54 | cv accuracy:  0.80 |
[2024-06-08 21:17:48] ---------------------------------------------------------------------------------------------------
[2024-06-08 21:17:59] ---------------------------------------------------------------------------------------------------
[2024-06-08 21:17:59] | epoch  11 | time: 11.64s | training loss  0.01 |
[2024-06-08 21:18:01] | epoch  11 | time:  1.56s | cv loss  0.54 | cv accuracy:  0.80 |
[2024-06-08 21:18:01] ---------------------------------------------------------------------------------------------------
[2024-06-08 21:18:13] ---------------------------------------------------------------------------------------------------
[2024-06-08 21:18:13] | epoch  12 | time: 11.75s | training loss  0.01 |
[2024-06-08 21:18:15] | epoch  12 | time:  1.85s | cv loss  0.53 | cv accuracy:  0.80 |
[2024-06-08 21:18:15] ---------------------------------------------------------------------------------------------------
[2024-06-08 21:18:26] ---------------------------------------------------------------------------------------------------
[2024-06-08 21:18:26] | epoch  13 | time: 11.66s | training loss  0.01 |
[2024-06-08 21:18:28] | epoch  13 | time:  1.85s | cv loss  0.53 | cv accuracy:  0.80 |
[2024-06-08 21:18:28] ---------------------------------------------------------------------------------------------------
