[2024-06-08 23:00:11] ---------------------------------------------------------------------------------------------------
[2024-06-08 23:00:11] | epoch   1 | time: 11.35s | training loss  1.65 |
[2024-06-08 23:00:12] | epoch   1 | time:  1.57s | cv loss  1.20 | cv accuracy:  0.55 |
[2024-06-08 23:00:12] ---------------------------------------------------------------------------------------------------
[2024-06-08 23:00:23] ---------------------------------------------------------------------------------------------------
[2024-06-08 23:00:23] | epoch   2 | time: 11.06s | training loss  0.86 |
[2024-06-08 23:00:25] | epoch   2 | time:  1.40s | cv loss  0.84 | cv accuracy:  0.65 |
[2024-06-08 23:00:25] ---------------------------------------------------------------------------------------------------
[2024-06-08 23:00:36] ---------------------------------------------------------------------------------------------------
[2024-06-08 23:00:36] | epoch   3 | time: 10.86s | training loss  0.48 |
[2024-06-08 23:00:37] | epoch   3 | time:  1.63s | cv loss  0.77 | cv accuracy:  0.69 |
[2024-06-08 23:00:37] ---------------------------------------------------------------------------------------------------
[2024-06-08 23:00:49] ---------------------------------------------------------------------------------------------------
[2024-06-08 23:00:49] | epoch   4 | time: 11.33s | training loss  0.27 |
[2024-06-08 23:00:50] | epoch   4 | time:  1.45s | cv loss  0.78 | cv accuracy:  0.69 |
[2024-06-08 23:00:50] ---------------------------------------------------------------------------------------------------
[2024-06-08 23:01:01] ---------------------------------------------------------------------------------------------------
[2024-06-08 23:01:01] | epoch   5 | time: 11.09s | training loss  0.16 |
[2024-06-08 23:01:03] | epoch   5 | time:  1.39s | cv loss  0.82 | cv accuracy:  0.68 |
[2024-06-08 23:01:03] ---------------------------------------------------------------------------------------------------
[2024-06-08 23:01:14] ---------------------------------------------------------------------------------------------------
[2024-06-08 23:01:14] | epoch   6 | time: 11.02s | training loss  0.09 |
[2024-06-08 23:01:15] | epoch   6 | time:  1.40s | cv loss  0.88 | cv accuracy:  0.69 |
[2024-06-08 23:01:15] ---------------------------------------------------------------------------------------------------
[2024-06-08 23:01:26] ---------------------------------------------------------------------------------------------------
[2024-06-08 23:01:26] | epoch   7 | time: 10.77s | training loss  0.06 |
[2024-06-08 23:01:27] | epoch   7 | time:  1.37s | cv loss  0.91 | cv accuracy:  0.69 |
[2024-06-08 23:01:27] ---------------------------------------------------------------------------------------------------
[2024-06-08 23:01:38] ---------------------------------------------------------------------------------------------------
[2024-06-08 23:01:38] | epoch   8 | time: 10.84s | training loss  0.05 |
[2024-06-08 23:01:40] | epoch   8 | time:  1.48s | cv loss  0.92 | cv accuracy:  0.68 |
[2024-06-08 23:01:40] ---------------------------------------------------------------------------------------------------
[2024-06-08 23:01:51] ---------------------------------------------------------------------------------------------------
[2024-06-08 23:01:51] | epoch   9 | time: 10.93s | training loss  0.04 |
[2024-06-08 23:01:52] | epoch   9 | time:  1.43s | cv loss  0.91 | cv accuracy:  0.69 |
[2024-06-08 23:01:52] ---------------------------------------------------------------------------------------------------
[2024-06-08 23:02:03] ---------------------------------------------------------------------------------------------------
[2024-06-08 23:02:03] | epoch  10 | time: 10.97s | training loss  0.04 |
[2024-06-08 23:02:05] | epoch  10 | time:  1.64s | cv loss  0.92 | cv accuracy:  0.68 |
[2024-06-08 23:02:05] ---------------------------------------------------------------------------------------------------
[2024-06-08 23:06:33] ---------------------------------------------------------------------------------------------------
[2024-06-08 23:06:33] | epoch   1 | time: 11.26s | training loss  1.65 |
[2024-06-08 23:06:35] | epoch   1 | time:  1.98s | cv loss  1.20 | cv accuracy:  0.55 |
[2024-06-08 23:06:35] ---------------------------------------------------------------------------------------------------
[2024-06-08 23:06:47] ---------------------------------------------------------------------------------------------------
[2024-06-08 23:06:47] | epoch   2 | time: 12.25s | training loss  0.86 |
[2024-06-08 23:06:49] | epoch   2 | time:  1.73s | cv loss  0.84 | cv accuracy:  0.65 |
[2024-06-08 23:06:49] ---------------------------------------------------------------------------------------------------
[2024-06-08 23:07:01] ---------------------------------------------------------------------------------------------------
[2024-06-08 23:07:01] | epoch   3 | time: 11.65s | training loss  0.48 |
[2024-06-08 23:07:03] | epoch   3 | time:  1.70s | cv loss  0.77 | cv accuracy:  0.69 |
[2024-06-08 23:07:03] ---------------------------------------------------------------------------------------------------
[2024-06-08 23:07:14] ---------------------------------------------------------------------------------------------------
[2024-06-08 23:07:14] | epoch   4 | time: 11.50s | training loss  0.27 |
[2024-06-08 23:07:16] | epoch   4 | time:  1.47s | cv loss  0.78 | cv accuracy:  0.69 |
[2024-06-08 23:07:16] ---------------------------------------------------------------------------------------------------
[2024-06-08 23:07:27] ---------------------------------------------------------------------------------------------------
[2024-06-08 23:07:27] | epoch   5 | time: 11.57s | training loss  0.16 |
[2024-06-08 23:07:29] | epoch   5 | time:  1.72s | cv loss  0.82 | cv accuracy:  0.68 |
[2024-06-08 23:07:29] ---------------------------------------------------------------------------------------------------
[2024-06-08 23:07:40] ---------------------------------------------------------------------------------------------------
[2024-06-08 23:07:40] | epoch   6 | time: 11.20s | training loss  0.09 |
[2024-06-08 23:07:41] | epoch   6 | time:  1.43s | cv loss  0.88 | cv accuracy:  0.69 |
[2024-06-08 23:07:41] ---------------------------------------------------------------------------------------------------
[2024-06-08 23:07:53] ---------------------------------------------------------------------------------------------------
[2024-06-08 23:07:53] | epoch   7 | time: 11.26s | training loss  0.06 |
[2024-06-08 23:07:54] | epoch   7 | time:  1.41s | cv loss  0.91 | cv accuracy:  0.69 |
[2024-06-08 23:07:54] ---------------------------------------------------------------------------------------------------
[2024-06-08 23:08:06] ---------------------------------------------------------------------------------------------------
[2024-06-08 23:08:06] | epoch   8 | time: 11.36s | training loss  0.05 |
[2024-06-08 23:08:07] | epoch   8 | time:  1.39s | cv loss  0.92 | cv accuracy:  0.68 |
[2024-06-08 23:08:07] ---------------------------------------------------------------------------------------------------
[2024-06-08 23:08:18] ---------------------------------------------------------------------------------------------------
[2024-06-08 23:08:18] | epoch   9 | time: 11.12s | training loss  0.04 |
[2024-06-08 23:08:19] | epoch   9 | time:  1.40s | cv loss  0.91 | cv accuracy:  0.69 |
[2024-06-08 23:08:19] ---------------------------------------------------------------------------------------------------
[2024-06-08 23:08:32] ---------------------------------------------------------------------------------------------------
[2024-06-08 23:08:32] | epoch  10 | time: 12.39s | training loss  0.04 |
[2024-06-08 23:08:34] | epoch  10 | time:  1.62s | cv loss  0.92 | cv accuracy:  0.68 |
[2024-06-08 23:08:34] ---------------------------------------------------------------------------------------------------
